-------------------------------------------------------------------------------
Test set: TestSuite
-------------------------------------------------------------------------------
Tests run: 9, Failures: 1, Errors: 0, Skipped: 0, Time elapsed: 106.594 s <<< FAILURE! - in TestSuite
com.hrm.testcases.LoginTest.testLoginAdminUser  Time elapsed: 2.569 s  <<< FAILURE!
java.lang.AssertionError: Logged in user is NOT Admin expected [Welcome Admin] but found [Welcome Abhi]
	at com.hrm.testcases.LoginTest.testLoginAdminUser(LoginTest.java:21)

